build/app/outputs/mapping/release/seeds.txt
io.flutter.embedding.engine.FlutterJNI: android.graphics.Bitmap decodeImage(java.nio.ByteBuffer,long)
io.flutter.view.AccessibilityViewEmbedder: void setFlutterNodesTranslateBounds(android.view.accessibility.AccessibilityNodeInfo,android.graphics.Rect,android.view.accessibility.AccessibilityNodeInfo)
io.flutter.embedding.engine.renderer.SurfaceTextureWrapper: void attachToGLContext(int)
io.flutter.embedding.engine.FlutterJNI: void addIsDisplayingFlutterUiListener(io.flutter.embedding.engine.renderer.FlutterUiDisplayListener)
android.support.v4.app.RemoteActionCompatParcelizer
io.flutter.embedding.engine.FlutterJNI: void removeIsDisplayingFlutterUiListener(io.flutter.embedding.engine.renderer.FlutterUiDisplayListener)
io.flutter.embedding.engine.mutatorsstack.FlutterMutatorsStack: android.graphics.Matrix finalMatrix
io.flutter.embedding.engine.renderer.SurfaceTextureWrapper: void getTransformMatrix(float[])
io.flutter.embedding.engine.FlutterJNI: void ensureAttachedToNative()
io.flutter.embedding.android.FlutterView: android.view.accessibility.AccessibilityNodeProvider getAccessibilityNodeProvider()
io.flutter.view.AccessibilityBridge$StringAttributeType: io.flutter.view.AccessibilityBridge$StringAttributeType[] values()
io.flutter.embedding.engine.mutatorsstack.FlutterMutatorsStack: java.util.List getMutators()
io.flutter.embedding.engine.FlutterJNI: void nativeRunBundleAndSnapshotFromLibrary(long,java.lang.String,java.lang.String,java.lang.String,android.content.res.AssetManager)
io.flutter.embedding.engine.FlutterJNI: void asyncWaitForVsync(long)
io.flutter.plugin.platform.SingleViewPresentation: SingleViewPresentation(android.content.Context,android.view.Display,io.flutter.plugin.platform.PlatformViewFactory,io.flutter.plugin.platform.AccessibilityEventsDelegate,int,java.lang.Object,android.view.View$OnFocusChangeListener)
io.flutter.embedding.engine.FlutterJNI: io.flutter.embedding.engine.FlutterJNI nativeSpawn(long,java.lang.String,java.lang.String)
io.flutter.embedding.engine.systemchannels.PlatformChannel$Brightness: io.flutter.embedding.engine.systemchannels.PlatformChannel$Brightness[] values()
io.flutter.embedding.engine.renderer.SurfaceTextureWrapper: android.graphics.SurfaceTexture surfaceTexture()
io.flutter.view.AccessibilityViewEmbedder: void copyAccessibilityFields(android.view.accessibility.AccessibilityNodeInfo,android.view.accessibility.AccessibilityNodeInfo)
io.flutter.embedding.engine.FlutterJNI: void dispatchSemanticsAction(int,int,java.nio.ByteBuffer,int)
io.flutter.embedding.engine.FlutterJNI: void removeEngineLifecycleListener(io.flutter.embedding.engine.FlutterEngine$EngineLifecycleListener)
io.flutter.embedding.engine.mutatorsstack.FlutterMutatorsStack$FlutterMutatorType: io.flutter.embedding.engine.mutatorsstack.FlutterMutatorsStack$FlutterMutatorType[] values()
io.flutter.embedding.engine.mutatorsstack.FlutterMutatorsStack: java.util.List finalClippingPaths
io.flutter.embedding.android.RenderMode: io.flutter.embedding.android.RenderMode valueOf(java.lang.String)
io.flutter.embedding.engine.FlutterJNI: boolean nativeFlutterTextUtilsIsEmojiModifierBase(int)
io.flutter.embedding.engine.FlutterJNI: boolean nativeFlutterTextUtilsIsRegionalIndicator(int)
androidx.lifecycle.Lifecycle$Event: androidx.lifecycle.Lifecycle$Event ON_ANY
androidx.lifecycle.Lifecycle$Event: androidx.lifecycle.Lifecycle$Event[] $VALUES
androidx.fragment.app.Fragment$2
io.flutter.embedding.engine.FlutterJNI: void detachFromNativeAndReleaseResources()
io.flutter.embedding.engine.FlutterJNI: void updateSemantics(java.nio.ByteBuffer,java.lang.String[],java.nio.ByteBuffer[])
io.flutter.embedding.engine.FlutterJNI: void updateCustomAccessibilityActions(java.nio.ByteBuffer,java.lang.String[])
io.flutter.view.AccessibilityBridge$Flag: io.flutter.view.AccessibilityBridge$Flag[] values()
io.flutter.plugin.editing.ImeSyncDeferringInsetsCallback: int deferredInsetTypes